<?xml version="1.0" encoding="UTF-8"?>
<testsuite xmlns:xsi="http://www.w3.org/2001/XMLSchema-instance" xsi:noNamespaceSchemaLocation="https://maven.apache.org/surefire/maven-surefire-plugin/xsd/surefire-test-report-3.0.xsd" version="3.0" name="com.ebac.modulo05.CalculadoraTest" time="0.322" tests="5" errors="0" skipped="0" failures="0">
  <properties>
[...]
</properties>
  <testcase name="testDivisaoPorZero" classname="com.ebac.modulo05.CalculadoraTest" time="0.053">
    <system-out><![CDATA[21:49:31.550 [main] INFO  com.ebac.modulo05.CalculadoraTest - Criando nova instância da Calculadora para teste
21:49:31.555 [main] INFO  com.ebac.modulo05.CalculadoraTest - Testando divisão por zero: 10 / 0
21:49:31.563 [main] ERROR com.ebac.modulo05.CalculadoraTest - Erro esperado capturado: Divisão por zero não é permitida
21:49:31.563 [main] INFO  com.ebac.modulo05.CalculadoraTest - Teste de divisão por zero concluído com sucesso
]]></system-out>
  </testcase>
  <testcase name="testAdicao" classname="com.ebac.modulo05.CalculadoraTest" time="0.003">
    <system-out><![CDATA[21:49:31.575 [main] INFO  com.ebac.modulo05.CalculadoraTest - Criando nova instância da Calculadora para teste
21:49:31.576 [main] INFO  com.ebac.modulo05.CalculadoraTest - Testando adição: 6 + 4
21:49:31.576 [main] INFO  com.ebac.modulo05.CalculadoraTest - Resultado da adição: 10
]]></system-out>
  </testcase>
  <testcase name="testSubtracao" classname="com.ebac.modulo05.CalculadoraTest" time="0.001">
    <system-out><![CDATA[21:49:31.580 [main] INFO  com.ebac.modulo05.CalculadoraTest - Criando nova instância da Calculadora para teste
21:49:31.580 [main] INFO  com.ebac.modulo05.CalculadoraTest - Testando subtração: 6 - 4
21:49:31.580 [main] INFO  com.ebac.modulo05.CalculadoraTest - Resultado da subtração: 2
]]></system-out>
  </testcase>
  <testcase name="testDivisao" classname="com.ebac.modulo05.CalculadoraTest" time="0.002">
    <system-out><![CDATA[21:49:31.582 [main] INFO  com.ebac.modulo05.CalculadoraTest - Criando nova instância da Calculadora para teste
21:49:31.583 [main] INFO  com.ebac.modulo05.CalculadoraTest - Testando divisão: 12 / 4
21:49:31.583 [main] INFO  com.ebac.modulo05.CalculadoraTest - Resultado da divisão: 3
]]></system-out>
  </testcase>
  <testcase name="testMultiplicacao" classname="com.ebac.modulo05.CalculadoraTest" time="0">
    <system-out><![CDATA[21:49:31.585 [main] INFO  com.ebac.modulo05.CalculadoraTest - Criando nova instância da Calculadora para teste
21:49:31.585 [main] INFO  com.ebac.modulo05.CalculadoraTest - Testando multiplicação: 6 * 4
21:49:31.585 [main] INFO  com.ebac.modulo05.CalculadoraTest - Resultado da multiplicação: 24
]]></system-out>
  </testcase>
</testsuite>