<?xml version="1.0" encoding="UTF-8"?>
<testsuite xmlns:xsi="http://www.w3.org/2001/XMLSchema-instance" xsi:noNamespaceSchemaLocation="https://maven.apache.org/surefire/maven-surefire-plugin/xsd/surefire-test-report-3.0.xsd" version="3.0" name="com.ebac.modulo05.FibonacciTest" time="0.013" tests="3" errors="0" skipped="0" failures="0">
  <properties>
[...]
</properties>
  <testcase name="testFibonacciCinco" classname="com.ebac.modulo05.FibonacciTest" time="0.003">
    <system-out><![CDATA[21:49:31.597 [main] INFO  com.ebac.modulo05.FibonacciTest - Criando nova instância de Fibonacci para teste
21:49:31.598 [main] INFO  com.ebac.modulo05.FibonacciTest - Testando Fibonacci para n = 5
21:49:31.599 [main] INFO  com.ebac.modulo05.FibonacciTest - Fibonacci(5) = 5
]]></system-out>
  </testcase>
  <testcase name="testFibonacciUm" classname="com.ebac.modulo05.FibonacciTest" time="0.001">
    <system-out><![CDATA[21:49:31.601 [main] INFO  com.ebac.modulo05.FibonacciTest - Criando nova instância de Fibonacci para teste
21:49:31.602 [main] INFO  com.ebac.modulo05.FibonacciTest - Testando Fibonacci para n = 1
21:49:31.602 [main] INFO  com.ebac.modulo05.FibonacciTest - Fibonacci(1) = 1
]]></system-out>
  </testcase>
  <testcase name="testFibonacciZero" classname="com.ebac.modulo05.FibonacciTest" time="0.002">
    <system-out><![CDATA[21:49:31.605 [main] INFO  com.ebac.modulo05.FibonacciTest - Criando nova instância de Fibonacci para teste
21:49:31.606 [main] INFO  com.ebac.modulo05.FibonacciTest - Testando Fibonacci para n = 0
21:49:31.606 [main] INFO  com.ebac.modulo05.FibonacciTest - Fibonacci(0) = 0
]]></system-out>
  </testcase>
</testsuite>